Using pre-set license
Built from '2021.1/staging' branch; Version is '2021.1.2f1 (e5d502d80fbb) revision 15062274'; Using compiler version '192528614'; Build Type 'Release'
OS: 'Windows 10 Pro; OS build 19041.867; Version 2004; 64bit' Language: 'en' Physical Memory: 32495 MB
BatchMode: 1, IsHumanControllingUs: 0, StartBugReporterOnCrash: 0, Is64bit: 1, IsPro: 0

 COMMAND LINE ARGUMENTS:
C:\Program Files\Unity\Hub\Editor\2021.1.2f1\Editor\Unity.exe
-adb2
-batchMode
-noUpm
-name
AssetImportWorker0
-projectPath
D:/Unity Projects/RocketPunch/RocketPunch
-logFile
Logs/AssetImportWorker0.log
-srvPort
50309
Successfully changed project path to: D:/Unity Projects/RocketPunch/RocketPunch
D:/Unity Projects/RocketPunch/RocketPunch
Using Asset Import Pipeline V2.
Refreshing native plugins compatible for Editor in 76.37 ms, found 2 plugins.
Preloading 0 native plugins for Editor in 0.00 ms.
Initialize engine version: 2021.1.2f1 (e5d502d80fbb)
[Subsystems] Discovering subsystems at path C:/Program Files/Unity/Hub/Editor/2021.1.2f1/Editor/Data/Resources/UnitySubsystems
[Subsystems] Discovering subsystems at path D:/Unity Projects/RocketPunch/RocketPunch/Assets
GfxDevice: creating device client; threaded=0; jobified=0
Direct3D:
    Version:  Direct3D 11.0 [level 11.1]
    Renderer: NVIDIA GeForce RTX 2080 (ID=0x1e82)
    Vendor:   NVIDIA
    VRAM:     8010 MB
    Driver:   27.21.14.6093
Initialize mono
Mono path[0] = 'C:/Program Files/Unity/Hub/Editor/2021.1.2f1/Editor/Data/Managed'
Mono path[1] = 'C:/Program Files/Unity/Hub/Editor/2021.1.2f1/Editor/Data/MonoBleedingEdge/lib/mono/unityjit'
Mono config path = 'C:/Program Files/Unity/Hub/Editor/2021.1.2f1/Editor/Data/MonoBleedingEdge/etc'
Using monoOptions --debugger-agent=transport=dt_socket,embedding=1,server=y,suspend=n,address=127.0.0.1:56348
Begin MonoManager ReloadAssembly
Registering precompiled unity dll's ...
Register platform support module: C:/Program Files/Unity/Hub/Editor/2021.1.2f1/Editor/Data/PlaybackEngines/WindowsStandaloneSupport/UnityEditor.WindowsStandalone.Extensions.dll
Registered in 0.001028 seconds.
Native extension for WindowsStandalone target not found
Refreshing native plugins compatible for Editor in 95.92 ms, found 2 plugins.
Preloading 0 native plugins for Editor in 0.00 ms.
Mono: successfully reloaded assembly
- Completed reload, in  1.273 seconds
Platform modules already initialized, skipping
Registering precompiled user dll's ...
Registered in 0.002920 seconds.
Begin MonoManager ReloadAssembly
Native extension for WindowsStandalone target not found
Refreshing native plugins compatible for Editor in 80.11 ms, found 2 plugins.
Preloading 0 native plugins for Editor in 0.00 ms.
Mono: successfully reloaded assembly
- Completed reload, in  1.046 seconds
Platform modules already initialized, skipping
========================================================================
Worker process is ready to serve import requests
Launched and connected shader compiler UnityShaderCompiler.exe after 0.06 seconds
Refreshing native plugins compatible for Editor in 1.18 ms, found 2 plugins.
Preloading 0 native plugins for Editor in 0.00 ms.
Unloading 3366 Unused Serialized files (Serialized files now loaded: 0)
System memory in use before: 127.7 MB.
System memory in use after: 127.8 MB.

Unloading 29 unused Assets to reduce memory usage. Loaded Objects now: 3818.
Total: 3.510000 ms (FindLiveObjects: 0.370200 ms CreateObjectMapping: 0.188700 ms MarkObjects: 2.805300 ms  DeleteObjects: 0.144500 ms)

========================================================================
Received Import Request.
  path: Assets
  artifactKey: Guid(00000000000000001000000000000000) Importer(815301076,1909f56bfc062723c751e8b465ee728b)
Start importing Assets using Guid(00000000000000001000000000000000) Importer(815301076,1909f56bfc062723c751e8b465ee728b)  -> (artifact id: '3a3c96ab4986816b7b77dea28d49d6a8') in 0.017144 seconds 
========================================================================
Received Import Request.
  Time since last request: 5.430989 seconds.
  path: Assets/CHARACTERS
  artifactKey: Guid(37f862b9699ce664eae9bbb494886995) Importer(815301076,1909f56bfc062723c751e8b465ee728b)
Start importing Assets/CHARACTERS using Guid(37f862b9699ce664eae9bbb494886995) Importer(815301076,1909f56bfc062723c751e8b465ee728b)  -> (artifact id: '8165653c0815c0aec66cf400de92504e') in 0.012687 seconds 
========================================================================
Received Import Request.
  Time since last request: 0.956496 seconds.
  path: Assets/Scenes
  artifactKey: Guid(ce237734f15408244acb0e11d67d4474) Importer(815301076,1909f56bfc062723c751e8b465ee728b)
Start importing Assets/Scenes using Guid(ce237734f15408244acb0e11d67d4474) Importer(815301076,1909f56bfc062723c751e8b465ee728b)  -> (artifact id: '34c52dafc4744dc05120afe4704b3dfd') in 0.008022 seconds 
========================================================================
Received Import Request.
  Time since last request: 2.782813 seconds.
  path: Assets/SCENES
  artifactKey: Guid(ce237734f15408244acb0e11d67d4474) Importer(815301076,1909f56bfc062723c751e8b465ee728b)
Start importing Assets/SCENES using Guid(ce237734f15408244acb0e11d67d4474) Importer(815301076,1909f56bfc062723c751e8b465ee728b)  -> (artifact id: '333652fac405886d8a7b5d293d0df11e') in 0.014263 seconds 
========================================================================
Received Import Request.
  Time since last request: 12.259508 seconds.
  path: Assets/SPRITES
  artifactKey: Guid(6bd865ca374019c4b802627d054eda2e) Importer(815301076,1909f56bfc062723c751e8b465ee728b)
Start importing Assets/SPRITES using Guid(6bd865ca374019c4b802627d054eda2e) Importer(815301076,1909f56bfc062723c751e8b465ee728b)  -> (artifact id: '0cd603640c8e5d104ebdab9eca569b92') in 0.012129 seconds 
========================================================================
Received Import Request.
  Time since last request: 5.057121 seconds.
  path: Assets/ANIMATIONS
  artifactKey: Guid(830522094d4877046bdde6e6d8dc8e30) Importer(815301076,1909f56bfc062723c751e8b465ee728b)
Start importing Assets/ANIMATIONS using Guid(830522094d4877046bdde6e6d8dc8e30) Importer(815301076,1909f56bfc062723c751e8b465ee728b)  -> (artifact id: '351924b48d85b6264cac25e506ab2eca') in 0.008626 seconds 
========================================================================
Received Import Request.
  Time since last request: 3.740441 seconds.
  path: Assets/VFX
  artifactKey: Guid(31fda0875e65eeb478e98bc35e277225) Importer(815301076,1909f56bfc062723c751e8b465ee728b)
Start importing Assets/VFX using Guid(31fda0875e65eeb478e98bc35e277225) Importer(815301076,1909f56bfc062723c751e8b465ee728b)  -> (artifact id: 'a56224d5c45abe1bc5ea4f95276f7c63') in 0.011216 seconds 
========================================================================
Received Import Request.
  Time since last request: 7.209175 seconds.
  path: Assets/SOUND
  artifactKey: Guid(a7c2dfbf3ada06b40a48bf1c929a0902) Importer(815301076,1909f56bfc062723c751e8b465ee728b)
Start importing Assets/SOUND using Guid(a7c2dfbf3ada06b40a48bf1c929a0902) Importer(815301076,1909f56bfc062723c751e8b465ee728b)  -> (artifact id: '14a18799aeb1b5ac650a0d253614549e') in 0.012557 seconds 
========================================================================
Received Import Request.
  Time since last request: 6.570631 seconds.
  path: Assets/SCRIPT
  artifactKey: Guid(2716a2a97c341e4479f33e187a542f17) Importer(815301076,1909f56bfc062723c751e8b465ee728b)
Start importing Assets/SCRIPT using Guid(2716a2a97c341e4479f33e187a542f17) Importer(815301076,1909f56bfc062723c751e8b465ee728b)  -> (artifact id: 'e0a611e9947eeaec1ae8e426fe203895') in 0.010314 seconds 
========================================================================
Received Import Request.
  Time since last request: 1.263224 seconds.
  path: Assets/SCRIPTS
  artifactKey: Guid(2716a2a97c341e4479f33e187a542f17) Importer(815301076,1909f56bfc062723c751e8b465ee728b)
Start importing Assets/SCRIPTS using Guid(2716a2a97c341e4479f33e187a542f17) Importer(815301076,1909f56bfc062723c751e8b465ee728b)  -> (artifact id: '43b22dac3c74a624fafd142787c488ef') in 0.007300 seconds 
========================================================================
Received Import Request.
  Time since last request: 157.561769 seconds.
  path: Assets/New Folder
  artifactKey: Guid(7ef148dbe03d0c144be694a5584c4d10) Importer(815301076,1909f56bfc062723c751e8b465ee728b)
Start importing Assets/New Folder using Guid(7ef148dbe03d0c144be694a5584c4d10) Importer(815301076,1909f56bfc062723c751e8b465ee728b)  -> (artifact id: 'f6ce36805f2830a063ca87d1865f2839') in 0.013752 seconds 
========================================================================
Received Import Request.
  Time since last request: 13.451989 seconds.
  path: Assets/SCRIPTABLE
  artifactKey: Guid(7ef148dbe03d0c144be694a5584c4d10) Importer(815301076,1909f56bfc062723c751e8b465ee728b)
Start importing Assets/SCRIPTABLE using Guid(7ef148dbe03d0c144be694a5584c4d10) Importer(815301076,1909f56bfc062723c751e8b465ee728b)  -> (artifact id: '0d8284917624d936b42b15ea18eda2a7') in 0.011301 seconds 
========================================================================
Received Prepare
Registering precompiled user dll's ...
Registered in 0.001978 seconds.
Begin MonoManager ReloadAssembly
Native extension for WindowsStandalone target not found
Refreshing native plugins compatible for Editor in 0.84 ms, found 2 plugins.
Preloading 0 native plugins for Editor in 0.00 ms.
Mono: successfully reloaded assembly
- Completed reload, in  0.921 seconds
Platform modules already initialized, skipping
Refreshing native plugins compatible for Editor in 0.70 ms, found 2 plugins.
Preloading 0 native plugins for Editor in 0.00 ms.
Unloading 3361 Unused Serialized files (Serialized files now loaded: 0)
System memory in use before: 127.7 MB.
System memory in use after: 127.8 MB.

Unloading 17 unused Assets to reduce memory usage. Loaded Objects now: 3822.
Total: 6.126400 ms (FindLiveObjects: 0.553300 ms CreateObjectMapping: 0.413400 ms MarkObjects: 4.947300 ms  DeleteObjects: 0.210100 ms)

========================================================================
Received Import Request.
  Time since last request: 439.668261 seconds.
  path: Assets/CHARACTERS/Player_Character.cs
  artifactKey: Guid(b4733f1ebae8dad4fa293f7435e601c8) Importer(815301076,1909f56bfc062723c751e8b465ee728b)
Start importing Assets/CHARACTERS/Player_Character.cs using Guid(b4733f1ebae8dad4fa293f7435e601c8) Importer(815301076,1909f56bfc062723c751e8b465ee728b)  -> (artifact id: 'c17f4fd5d819c994e76472fed85fbae5') in 0.050949 seconds 
========================================================================
Received Prepare
Registering precompiled user dll's ...
Registered in 0.002180 seconds.
Begin MonoManager ReloadAssembly
Native extension for WindowsStandalone target not found
Refreshing native plugins compatible for Editor in 0.73 ms, found 2 plugins.
Preloading 0 native plugins for Editor in 0.00 ms.
Mono: successfully reloaded assembly
- Completed reload, in  0.980 seconds
Platform modules already initialized, skipping
Refreshing native plugins compatible for Editor in 0.80 ms, found 2 plugins.
Preloading 0 native plugins for Editor in 0.00 ms.
Unloading 3362 Unused Serialized files (Serialized files now loaded: 0)
System memory in use before: 127.8 MB.
System memory in use after: 127.9 MB.

Unloading 17 unused Assets to reduce memory usage. Loaded Objects now: 3827.
Total: 4.247300 ms (FindLiveObjects: 0.376100 ms CreateObjectMapping: 0.205000 ms MarkObjects: 3.479500 ms  DeleteObjects: 0.184800 ms)

========================================================================
Received Import Request.
  Time since last request: 19.169020 seconds.
  path: Assets/PREFABS
  artifactKey: Guid(6ed81af3c1e581d4f8d1fe42c091da7c) Importer(815301076,1909f56bfc062723c751e8b465ee728b)
Start importing Assets/PREFABS using Guid(6ed81af3c1e581d4f8d1fe42c091da7c) Importer(815301076,1909f56bfc062723c751e8b465ee728b)  -> (artifact id: 'ff8fa7fdfe6ad0e1e6590ca2ff314288') in 0.013007 seconds 
========================================================================
Received Import Request.
  Time since last request: 10.545591 seconds.
  path: Assets/PREFABS/PlayerCharacter.prefab
  artifactKey: Guid(1c898f34bccf38947bcf1747d11788bf) Importer(815301076,1909f56bfc062723c751e8b465ee728b)
Start importing Assets/PREFABS/PlayerCharacter.prefab using Guid(1c898f34bccf38947bcf1747d11788bf) Importer(815301076,1909f56bfc062723c751e8b465ee728b)  -> (artifact id: '87e5d946f7620ddfb2ec7dff2d4a06ca') in 0.047208 seconds 
========================================================================
Received Import Request.
  Time since last request: 9.556078 seconds.
  path: Assets/PREFABS/PlayerCharacter.prefab
  artifactKey: Guid(1c898f34bccf38947bcf1747d11788bf) Importer(815301076,1909f56bfc062723c751e8b465ee728b)
Start importing Assets/PREFABS/PlayerCharacter.prefab using Guid(1c898f34bccf38947bcf1747d11788bf) Importer(815301076,1909f56bfc062723c751e8b465ee728b)  -> (artifact id: 'bea511e4cb5c8099f90b0bd05d602ee2') in 0.072408 seconds 
========================================================================
Received Import Request.
  Time since last request: 5.285210 seconds.
  path: Assets/PREFABS/PlayerCharacter.prefab
  artifactKey: Guid(1c898f34bccf38947bcf1747d11788bf) Importer(815301076,1909f56bfc062723c751e8b465ee728b)
Start importing Assets/PREFABS/PlayerCharacter.prefab using Guid(1c898f34bccf38947bcf1747d11788bf) Importer(815301076,1909f56bfc062723c751e8b465ee728b)  -> (artifact id: '34a0c55bcecb3b4797027d777b471eab') in 0.009561 seconds 
========================================================================
Received Import Request.
  Time since last request: 23.674392 seconds.
  path: Assets/PREFABS/PlayerCharacter.prefab
  artifactKey: Guid(1c898f34bccf38947bcf1747d11788bf) Importer(815301076,1909f56bfc062723c751e8b465ee728b)
Start importing Assets/PREFABS/PlayerCharacter.prefab using Guid(1c898f34bccf38947bcf1747d11788bf) Importer(815301076,1909f56bfc062723c751e8b465ee728b)  -> (artifact id: '67da015e56e0d49c5a5a630375439903') in 0.014598 seconds 
========================================================================
Received Prepare
Registering precompiled user dll's ...
Registered in 0.001925 seconds.
Begin MonoManager ReloadAssembly
Native extension for WindowsStandalone target not found
Refreshing native plugins compatible for Editor in 0.75 ms, found 2 plugins.
Preloading 0 native plugins for Editor in 0.00 ms.
Mono: successfully reloaded assembly
- Completed reload, in  0.864 seconds
Platform modules already initialized, skipping
Refreshing native plugins compatible for Editor in 1.19 ms, found 2 plugins.
Preloading 0 native plugins for Editor in 0.00 ms.
Unloading 3362 Unused Serialized files (Serialized files now loaded: 0)
System memory in use before: 131.4 MB.
System memory in use after: 131.5 MB.

Unloading 17 unused Assets to reduce memory usage. Loaded Objects now: 3838.
Total: 6.694000 ms (FindLiveObjects: 0.348000 ms CreateObjectMapping: 0.197900 ms MarkObjects: 6.026700 ms  DeleteObjects: 0.120500 ms)

AssetImportWorkerClient::OnTransportError - code=2 error=End of file
